{
  "stats": {
    "suites": 1,
    "tests": 2,
    "passes": 0,
    "pending": 7,
    "failures": -5,
    "start": "2024-02-24T01:52:47.535Z",
    "end": "2024-02-24T01:52:59.496Z",
    "duration": 11961,
    "testsRegistered": 8,
    "passPercent": 0,
    "pendingPercent": 87.5,
    "other": 6,
    "hasOther": true,
    "skipped": 0,
    "hasSkipped": false
  },
  "results": [
    {
      "uuid": "faac7d2a-ac8b-4eda-bab3-291ae74b3ddf",
      "title": "",
      "fullFile": "cypress\\e2e\\tests\\Ndrtests.cy.js",
      "file": "cypress\\e2e\\tests\\Ndrtests.cy.js",
      "beforeHooks": [],
      "afterHooks": [],
      "tests": [],
      "suites": [
        {
          "uuid": "c0c33182-d12d-4f9b-bb3d-f9d3e9c50d75",
          "title": "NDR tab test cases",
          "fullFile": "",
          "file": "",
          "beforeHooks": [],
          "afterHooks": [],
          "tests": [
            {
              "title": "NDR_tab_01",
              "fullTitle": "NDR tab test cases NDR_tab_01",
              "timedOut": null,
              "duration": 0,
              "state": "pending",
              "speed": null,
              "pass": false,
              "fail": false,
              "pending": true,
              "context": "{\n  \"title\": \"cypress-mochawesome-reporter-videos-pending\",\n  \"value\": \"cypress\\\\e2e\\\\tests\\\\Ndrtests.cy.js\"\n}",
              "code": "cy.reload();\n//NDR url verification\ncy.url().should('eq', 'http://v2.nushop-dashboard.kaip.in/orders/ndr');\n//Search with wrong order id\ncy.get('.rs-input').type('negative testing');\ncy.get('.rs-input-group-addon.rs-input-group-btn.rs-btn.rs-btn-default').click();\ncy.get('[class=\"Flexbox_flex-column__cNkZ2 Flexbox_align-middle__-J0b5 NoFilterFound_wrapper__haM12 rs-flex-box-grid rs-flex-box-grid-top rs-flex-box-grid-center\"]').should('contain.text', 'No result found');\n//Search with wrong AWB number\ncy.get('.rs-picker-toggle.rs-btn.rs-btn-default').eq(0).click();\ncy.get('.rs-picker-select-menu-item').contains('AWB Number').click();\ncy.get('.rs-input').clear().type('negative testing');\ncy.get('.rs-input-group-addon.rs-input-group-btn.rs-btn.rs-btn-default').click();\ncy.get('[class=\"Flexbox_flex-column__cNkZ2 Flexbox_align-middle__-J0b5 NoFilterFound_wrapper__haM12 rs-flex-box-grid rs-flex-box-grid-top rs-flex-box-grid-center\"]').should('contain.text', 'No result found');\n//Search with wrong customer number\ncy.get('.rs-picker-toggle.rs-btn.rs-btn-default').eq(0).click();\ncy.get('.rs-picker-select-menu-item').contains('Customer No.').click();\ncy.get('.rs-input').clear().type('89499');\ncy.get('.rs-input-group-addon.rs-input-group-btn.rs-btn.rs-btn-default').click();\ncy.get('[class=\"Flexbox_flex-column__cNkZ2 Flexbox_align-middle__-J0b5 NoFilterFound_wrapper__haM12 rs-flex-box-grid rs-flex-box-grid-top rs-flex-box-grid-center\"]').should('contain.text', 'No result found');\ncy.get('[class = \"Flexbox_flex-row__aKbHb Flexbox_align-top__Nx4Aj Flexbox_gutter-lg__kVhG3 FiltersCard_filters__4sMjG rs-flex-box-grid rs-flex-box-grid-top rs-flex-box-grid-space-between\"]').contains('Clear All').click();\n//Verify NDR attempt filter is working fine\ncy.get('[aria-haspopup = \"listbox\"]').contains('NDR Attempt').click();\ncy.get('[class = \"rs-checkbox-checker\"]').contains('1').click();\ncy.get('[class = \"Flexbox_flex-row__aKbHb Flexbox_align-top__Nx4Aj Flexbox_gutter-lg__kVhG3 FiltersCard_filters__4sMjG rs-flex-box-grid rs-flex-box-grid-top rs-flex-box-grid-space-between\"]').contains('Apply Filters').click();\ncy.get('[class = \"Table_card-cell__MSHm0 Table_padding-horizontal-lg__hWECV rs-flex-box-grid-item rs-flex-box-grid-item-0 rs-col rs-col-xl-3 rs-col-lg-4 rs-col-md-5 rs-col-sm-7\"]').should('contain.text', 1);\ncy.get('[class = \"Flexbox_flex-row__aKbHb Flexbox_align-top__Nx4Aj Flexbox_gutter-lg__kVhG3 FiltersCard_filters__4sMjG rs-flex-box-grid rs-flex-box-grid-top rs-flex-box-grid-space-between\"]').contains('Clear All').click();\n//Verify NDR reason filter is working fine\ncy.get('[aria-haspopup = \"listbox\"]').contains('NDR Reason').click();\ncy.get('[class = \"rs-picker-check-menu rs-picker-check-menu-items\"]').contains('Customer Wants Open Delivery').click();\ncy.get('[class = \"Flexbox_flex-row__aKbHb Flexbox_align-top__Nx4Aj Flexbox_gutter-lg__kVhG3 FiltersCard_filters__4sMjG rs-flex-box-grid rs-flex-box-grid-top rs-flex-box-grid-space-between\"]').contains('Apply Filters').click();\ncy.get('[class = \"Flexbox_flex-row__aKbHb Flexbox_align-stretch__jf368 Flexbox_nowrap__8vOkG rs-flex-box-grid rs-flex-box-grid-top rs-flex-box-grid-start\"]').should('contain.text', 'Customer Wants Open Delivery');\ncy.get('[class = \"Flexbox_flex-row__aKbHb Flexbox_align-top__Nx4Aj Flexbox_gutter-lg__kVhG3 FiltersCard_filters__4sMjG rs-flex-box-grid rs-flex-box-grid-top rs-flex-box-grid-space-between\"]').contains('Clear All').click();\ncy.get('[data-sd-event = \"moreFilter\"]').click();\n//Verify shipping partner filter is working fine\ncy.get('[aria-haspopup = \"listbox\"]').contains('Shipping Partner').click();\ncy.get('[class = \"rs-picker-check-menu rs-picker-check-menu-items\"]').contains('Ekart').click();\ncy.get('[class = \"Flexbox_flex-row__aKbHb Flexbox_align-top__Nx4Aj Flexbox_gutter-lg__kVhG3 FiltersCard_filters__4sMjG rs-flex-box-grid rs-flex-box-grid-top rs-flex-box-grid-space-between\"]').contains('Apply Filters').click();\ncy.get('[data-sd-event = \"ndrTableShowHistory\"]').eq(0).click();\ncy.get('[class = \"NDRHistory_history-wrapper__Cx2Eh\"]').should('contain.text', 'EKART');\ncy.get('[class = \"rs-drawer-header-close rs-btn-icon rs-btn-icon-placement-left rs-btn rs-btn-subtle rs-btn-sm\"]').click();\ncy.get('[class = \"Flexbox_flex-row__aKbHb Flexbox_align-top__Nx4Aj Flexbox_gutter-lg__kVhG3 FiltersCard_filters__4sMjG rs-flex-box-grid rs-flex-box-grid-top rs-flex-box-grid-space-between\"]').contains('Clear All').click();\n//Verify payment method filter is working fine\ncy.get('[aria-haspopup = \"listbox\"]').contains('Payment Method').click();\ncy.get('[class = \"rs-picker-check-menu rs-picker-check-menu-items\"]').contains('ONLINE').click();\ncy.get('[class = \"Flexbox_flex-row__aKbHb Flexbox_align-top__Nx4Aj Flexbox_gutter-lg__kVhG3 FiltersCard_filters__4sMjG rs-flex-box-grid rs-flex-box-grid-top rs-flex-box-grid-space-between\"]').contains('Apply Filters').click();\ncy.get('[class = \"Table_card-cell__MSHm0 Table_padding-horizontal-lg__hWECV rs-flex-box-grid-item rs-flex-box-grid-item-0 rs-col rs-col-xl-3 rs-col-lg-4 rs-col-md-5 rs-col-sm-7\"]').should('contain.text', 'ONLINE');\ncy.get('[class = \"Flexbox_flex-row__aKbHb Flexbox_align-top__Nx4Aj Flexbox_gutter-lg__kVhG3 FiltersCard_filters__4sMjG rs-flex-box-grid rs-flex-box-grid-top rs-flex-box-grid-space-between\"]').contains('Clear All').click();",
              "err": {},
              "uuid": "55ef49b6-1e6e-497e-9593-800014190e0b",
              "parentUUID": "c0c33182-d12d-4f9b-bb3d-f9d3e9c50d75",
              "isHook": false,
              "skipped": false
            },
            {
              "title": "NDR_tab_02",
              "fullTitle": "NDR tab test cases NDR_tab_02",
              "timedOut": null,
              "duration": 0,
              "state": "pending",
              "speed": null,
              "pass": false,
              "fail": false,
              "pending": true,
              "context": "{\n  \"title\": \"cypress-mochawesome-reporter-videos-pending\",\n  \"value\": \"cypress\\\\e2e\\\\tests\\\\Ndrtests.cy.js\"\n}",
              "code": "cy.reload();\ncy.get('[data-sd-event = \"ndrTableEscalate\"]').eq(0).click();\ncy.get('[class = \"ReAttemptForm_date-container__lVcGm\"]').contains('Today').click();\ncy.get('[data-sd-event = \"submitForm\"]').click();\ncy.get('[class = \"NDR_tabgroup-holder__HLlxf\"]').contains('Re-Attempt Requested').click();",
              "err": {},
              "uuid": "151890f9-7939-45a0-b2b0-a010b8128e96",
              "parentUUID": "c0c33182-d12d-4f9b-bb3d-f9d3e9c50d75",
              "isHook": false,
              "skipped": false
            },
            {
              "title": "NDR_tab_03",
              "fullTitle": "NDR tab test cases NDR_tab_03",
              "timedOut": null,
              "duration": 0,
              "state": "pending",
              "speed": null,
              "pass": false,
              "fail": false,
              "pending": true,
              "context": "{\n  \"title\": \"cypress-mochawesome-reporter-videos-pending\",\n  \"value\": \"cypress\\\\e2e\\\\tests\\\\Ndrtests.cy.js\"\n}",
              "code": "let orderidOld;\nlet orderidNew;\ncy.reload();\ncy.get('[class = \"Flexbox_flex-row__aKbHb Flexbox_align-stretch__jf368 Flexbox_nowrap__8vOkG rs-flex-box-grid rs-flex-box-grid-top rs-flex-box-grid-start\"]').eq(0).invoke('text').then(text => {\n  orderidOld = text.substring(16, 33);\n  cy.log(orderidOld);\n  cy.get('[data-sd-event = \"ndrTableEscalate\"]').eq(0).click();\n  cy.get('[class = \"rs-drawer-content\"]').contains('RTO').click();\n  cy.get('[placeholder = \"Add your remarks (max 100 characters)\"]').type('dddddddddddddddddddddd');\n  cy.get('[class = \"rs-drawer-content\"]').contains('Submit').click();\n  cy.get('[class = \"NavigateTabGroup_tabgroup-container__SOWwd\"]').contains('RTO').click();\n  cy.get('[class = \"Flexbox_flex-row__aKbHb Flexbox_align-stretch__jf368 Flexbox_nowrap__8vOkG rs-flex-box-grid rs-flex-box-grid-top rs-flex-box-grid-start\"]').eq(0).should('contain.text', orderidOld);\n  // cy.get('[class = \"Flexbox_flex-row__aKbHb Flexbox_align-stretch__jf368 Flexbox_nowrap__8vOkG rs-flex-box-grid rs-flex-box-grid-top rs-flex-box-grid-start\"]').eq(0).invoke('text').then((textnew) => {\n  //     orderidNew = textnew.substring(16, 33)\n  //     cy.log(orderidNew)\n  //     if (orderidOld === orderidNew) {\n  //         cy.log(\"Passed\")\n  //     } else {\n  //         cy.log(\"Failed\")\n  //     }\n  // })\n});",
              "err": {},
              "uuid": "9d0a46a6-4e16-4e61-ba87-8070c4b95624",
              "parentUUID": "c0c33182-d12d-4f9b-bb3d-f9d3e9c50d75",
              "isHook": false,
              "skipped": false
            },
            {
              "title": "NDR_tab_04",
              "fullTitle": "NDR tab test cases NDR_tab_04",
              "timedOut": null,
              "duration": 0,
              "state": "pending",
              "speed": null,
              "pass": false,
              "fail": false,
              "pending": true,
              "context": "{\n  \"title\": \"cypress-mochawesome-reporter-videos-pending\",\n  \"value\": \"cypress\\\\e2e\\\\tests\\\\Ndrtests.cy.js\"\n}",
              "code": "cy.get('[class = \"NavigateTabGroup_tabgroup-container__SOWwd\"]').contains('RTO Requested').click();\ncy.get('[class = \"Flexbox_flex-row__aKbHb Flexbox_align-stretch__jf368 Flexbox_nowrap__8vOkG rs-flex-box-grid rs-flex-box-grid-top rs-flex-box-grid-start\"]').should('contain.text', 'RTO Requested');",
              "err": {},
              "uuid": "95068961-9fc2-4579-81ef-de3b7a761d19",
              "parentUUID": "c0c33182-d12d-4f9b-bb3d-f9d3e9c50d75",
              "isHook": false,
              "skipped": false
            },
            {
              "title": "NDR_tab_05",
              "fullTitle": "NDR tab test cases NDR_tab_05",
              "timedOut": null,
              "duration": 0,
              "state": "pending",
              "speed": null,
              "pass": false,
              "fail": false,
              "pending": true,
              "context": "{\n  \"title\": \"cypress-mochawesome-reporter-videos-pending\",\n  \"value\": \"cypress\\\\e2e\\\\tests\\\\Ndrtests.cy.js\"\n}",
              "code": "cy.get('[class = \"NavigateTabGroup_tabgroup-container__SOWwd\"]').contains('Re-Attempt Requested').click();\ncy.get('[class = \"Flexbox_flex-row__aKbHb Flexbox_align-stretch__jf368 Flexbox_nowrap__8vOkG rs-flex-box-grid rs-flex-box-grid-top rs-flex-box-grid-start\"]').should('contain.text', 'UNDELIVERED');",
              "err": {},
              "uuid": "d6e35a13-c42b-4cdd-896a-48a1501f15e7",
              "parentUUID": "c0c33182-d12d-4f9b-bb3d-f9d3e9c50d75",
              "isHook": false,
              "skipped": false
            },
            {
              "title": "NDR_tab_06",
              "fullTitle": "NDR tab test cases NDR_tab_06",
              "timedOut": null,
              "duration": 9513,
              "state": "failed",
              "speed": null,
              "pass": false,
              "fail": true,
              "pending": false,
              "context": "[\n  {\n    \"title\": \"cypress-mochawesome-reporter-videos-failed\",\n    \"value\": \"cypress\\\\e2e\\\\tests\\\\Ndrtests.cy.js\"\n  },\n  {\n    \"title\": \"cypress-mochawesome-reporter-screenshots\",\n    \"value\": [\n      [\n        \"\\\\tests\\\\Ndrtests.cy.js\\\\NDR tab test cases -- NDR_tab_06 (failed).png\"\n      ]\n    ]\n  }\n]",
              "code": "cy.get('[class = \"NavigateTabGroup_tabgroup-container__SOWwd\"]').contains('Re-Attempt Requested').click();\ncy.get('[class = \"Flexbox_flex-row__aKbHb Flexbox_align-stretch__jf368 Flexbox_nowrap__8vOkG rs-flex-box-grid rs-flex-box-grid-top rs-flex-box-grid-start\"]').should('contain.text', 'UNDELIVERED');\ncy.get('[data-sd-event = ndrTableShowHistory]').eq(0).click();\ncy.get('[class = \"rs-drawer-right rs-drawer-sm rs-anim-slide-in rs-anim-right rs-drawer\"]').should('contain.text', 'NDR Raised');",
              "err": {
                "message": "AssertionError: Timed out retrying after 4000ms: Expected to find element: `[class = \"Flexbox_flex-row__aKbHb Flexbox_align-stretch__jf368 Flexbox_nowrap__8vOkG rs-flex-box-grid rs-flex-box-grid-top rs-flex-box-grid-start\"]`, but never found it.",
                "estack": "AssertionError: Timed out retrying after 4000ms: Expected to find element: `[class = \"Flexbox_flex-row__aKbHb Flexbox_align-stretch__jf368 Flexbox_nowrap__8vOkG rs-flex-box-grid rs-flex-box-grid-top rs-flex-box-grid-start\"]`, but never found it.\n    at Context.eval (webpack://automationrepo/./cypress/e2e/tests/Ndrtests.cy.js:131:166)",
                "diff": null
              },
              "uuid": "2190762b-a92f-4ca9-9871-a99d664deac3",
              "parentUUID": "c0c33182-d12d-4f9b-bb3d-f9d3e9c50d75",
              "isHook": false,
              "skipped": false
            },
            {
              "title": "intransit",
              "fullTitle": "NDR tab test cases intransit",
              "timedOut": null,
              "duration": 0,
              "state": "pending",
              "speed": null,
              "pass": false,
              "fail": false,
              "pending": true,
              "context": "{\n  \"title\": \"cypress-mochawesome-reporter-videos-pending\",\n  \"value\": \"cypress\\\\e2e\\\\tests\\\\Ndrtests.cy.js\"\n}",
              "code": "const payload = {\n  \"location\": \"Rajkot_Amargadh_H (Gujarat)\",\n  \"additional\": {\n    \"courier_partner_edd\": null,\n    \"destination_hub_inscan_ts\": null,\n    \"order_id\": \"NCAX1686919940188\",\n    \"latest_status\": {\n      \"status\": \"In Transit\",\n      \"clickpost_status_description\": \"PickedUp\",\n      \"clickpost_status_bucket\": 2,\n      \"reference_number\": \"NCAX1686919940188\",\n      \"clickpost_status_bucket_description\": \"Shipped\",\n      \"remark\": \"Shipment picked up\",\n      \"timestamp\": \"2023-06-10T18:28:00Z\",\n      \"location\": \"Rajkot_Amargadh_H (Gujarat)\",\n      \"clickpost_city\": \"\",\n      \"clickpost_status_code\": 4\n    },\n    \"is_rvp\": false,\n    \"ndr_status_code\": null,\n    \"ndr_status_description\": null,\n    \"account_code\": \"DELHIVERY SURFACE\",\n    \"npr_status_code\": null,\n    \"npr_status_description\": null\n  },\n  \"status\": \"In Transit\",\n  \"clickpost_city\": \"\",\n  \"clickpost_status_code\": 4,\n  \"clickpost_status_description\": \"PickedUp\",\n  \"cp_id\": 4,\n  \"remark\": \"Shipment picked up\",\n  \"account_code\": \"DELHIVERY SURFACE\",\n  \"waybill\": awb,\n  \"timestamp\": \"2023-10-05T13:15:00Z\"\n};\ncy.request({\n  method: 'PUT',\n  url: 'http://nushop-dashboard.kaip.in/api/order/order/status-event',\n  headers: {\n    'Content-Type': 'application/json; charset=utf-8',\n    'Server': 'nginx',\n    'Cache-Control': 'no-store, no-cache, must-revalidate, proxy-revalidate, max-age=0',\n    'ETag': 'W/\"20-tj8FR1AyEiO2Z6YPDa60CyElEJU\"'\n  },\n  body: payload\n}).then(response => {\n  expect(response.status).to.equal(200);\n  cy.log(JSON.stringify(response.body));\n});",
              "err": {},
              "uuid": "f0ab7eda-8735-453c-a009-d3301e7929b0",
              "parentUUID": "c0c33182-d12d-4f9b-bb3d-f9d3e9c50d75",
              "isHook": false,
              "skipped": false
            },
            {
              "title": "ndr",
              "fullTitle": "NDR tab test cases ndr",
              "timedOut": null,
              "duration": 0,
              "state": "pending",
              "speed": null,
              "pass": false,
              "fail": false,
              "pending": true,
              "context": "{\n  \"title\": \"cypress-mochawesome-reporter-videos-pending\",\n  \"value\": \"cypress\\\\e2e\\\\tests\\\\Ndrtests.cy.js\"\n}",
              "code": "const payload = {\n  \"location\": \"Kothakota_Vidyanagar_DPP (Telangana)\",\n  \"additional\": {\n    \"courier_partner_edd\": \"2023-04-23\",\n    \"destination_hub_inscan_ts\": null,\n    \"order_id\": \"NCAX1686919940188\",\n    \"latest_status\": {\n      \"status\": \"Pending\",\n      \"clickpost_status_description\": \"FailedDelivery\",\n      \"clickpost_status_bucket\": 5,\n      \"reference_number\": \"NCAX1686919940188\",\n      \"clickpost_status_bucket_description\": \"Failed delivery\",\n      \"remark\": \"Customer asked for open delivery\",\n      \"timestamp\": \"2023-12-21T18:50:00Z\",\n      \"location\": \"Kothakota_Vidyanagar_DPP (Telangana)\",\n      \"clickpost_city\": awb,\n      \"clickpost_status_code\": 9\n    },\n    \"is_rvp\": false,\n    \"ndr_status_code\": 12,\n    \"ndr_status_description\": \"Customer wants open delivery\",\n    \"account_code\": \"DELHIVERY SURFACE\",\n    \"npr_status_code\": null,\n    \"npr_status_description\": null\n  },\n  \"status\": \"Pending\",\n  \"clickpost_city\": \"\",\n  \"clickpost_status_code\": 9,\n  \"clickpost_status_description\": \"FailedDelivery\",\n  \"cp_id\": 4,\n  \"remark\": \"Customer asked for open delivery\",\n  \"account_code\": \"DELHIVERY SURFACE\",\n  \"waybill\": \"\",\n  \"timestamp\": \"2023-12-21T15:14:00Z\"\n};\ncy.request({\n  method: 'PUT',\n  url: 'http://nushop-dashboard.kaip.in/api/order/order/status-event',\n  headers: {\n    'Content-Type': 'application/json; charset=utf-8',\n    'Server': 'nginx',\n    'Cache-Control': 'no-store, no-cache, must-revalidate, proxy-revalidate, max-age=0',\n    'ETag': 'W/\"20-tj8FR1AyEiO2Z6YPDa60CyElEJU\"'\n  },\n  body: payload\n}).then(response => {\n  expect(response.status).to.equal(200);\n  cy.log(JSON.stringify(response.body));\n});",
              "err": {},
              "uuid": "7b5c6885-6a61-4061-890b-9a8687a77d37",
              "parentUUID": "c0c33182-d12d-4f9b-bb3d-f9d3e9c50d75",
              "isHook": false,
              "skipped": false
            }
          ],
          "suites": [],
          "passes": [],
          "failures": [
            "2190762b-a92f-4ca9-9871-a99d664deac3"
          ],
          "pending": [
            "55ef49b6-1e6e-497e-9593-800014190e0b",
            "151890f9-7939-45a0-b2b0-a010b8128e96",
            "9d0a46a6-4e16-4e61-ba87-8070c4b95624",
            "95068961-9fc2-4579-81ef-de3b7a761d19",
            "d6e35a13-c42b-4cdd-896a-48a1501f15e7",
            "f0ab7eda-8735-453c-a009-d3301e7929b0",
            "7b5c6885-6a61-4061-890b-9a8687a77d37"
          ],
          "skipped": [],
          "duration": 9513,
          "root": false,
          "rootEmpty": false,
          "_timeout": 2000
        }
      ],
      "passes": [],
      "failures": [],
      "pending": [],
      "skipped": [],
      "duration": 0,
      "root": true,
      "rootEmpty": true,
      "_timeout": 2000
    }
  ],
  "meta": {
    "mocha": {
      "version": "7.0.1"
    },
    "mochawesome": {
      "options": {
        "quiet": false,
        "reportFilename": "mochawesome",
        "saveHtml": false,
        "saveJson": true,
        "consoleReporter": "spec",
        "useInlineDiffs": false,
        "code": true
      },
      "version": "7.1.3"
    },
    "marge": {
      "options": {
        "charts": true,
        "reportPageTitle": "custom-title",
        "embeddedScreenshots": true,
        "inlineAssets": true,
        "saveAllAttempts": false,
        "overwrite": false,
        "html": false,
        "json": true,
        "reportDir": "cypress\\reports\\html\\.jsons"
      },
      "version": "6.2.0"
    }
  }
}