{
  "stats": {
    "suites": 1,
    "tests": 1,
    "passes": 0,
    "pending": 4,
    "failures": -3,
    "start": "2024-02-24T01:53:09.675Z",
    "end": "2024-02-24T01:53:13.649Z",
    "duration": 3974,
    "testsRegistered": 4,
    "passPercent": null,
    "pendingPercent": 100,
    "other": 3,
    "hasOther": true,
    "skipped": 0,
    "hasSkipped": false
  },
  "results": [
    {
      "uuid": "708df183-7fe4-4da4-8c34-1f0e711a1098",
      "title": "",
      "fullFile": "cypress\\e2e\\tests\\PlaceorderTests.cy.js",
      "file": "cypress\\e2e\\tests\\PlaceorderTests.cy.js",
      "beforeHooks": [],
      "afterHooks": [],
      "tests": [],
      "suites": [
        {
          "uuid": "2c97f182-4a3a-4945-a856-e6a3e0713975",
          "title": "Place order test cases",
          "fullFile": "",
          "file": "",
          "beforeHooks": [],
          "afterHooks": [],
          "tests": [
            {
              "title": "Verify prepaid order can be placed from place order",
              "fullTitle": "Place order test cases Verify prepaid order can be placed from place order",
              "timedOut": null,
              "duration": 0,
              "state": "pending",
              "speed": null,
              "pass": false,
              "fail": false,
              "pending": true,
              "context": "{\n  \"title\": \"cypress-mochawesome-reporter-videos-pending\",\n  \"value\": \"cypress\\\\e2e\\\\tests\\\\PlaceorderTests.cy.js\"\n}",
              "code": "placeorderObj.placePrepaidOrder(_customerData.default.customerNumber);\ncy.get('.heading2.Text_mb-lg__6jeKW').should('exist');",
              "err": {},
              "uuid": "3d5aca14-06ac-4060-91bc-1310c330b0bf",
              "parentUUID": "2c97f182-4a3a-4945-a856-e6a3e0713975",
              "isHook": false,
              "skipped": false
            },
            {
              "title": "Verify cod order can be placed from place order",
              "fullTitle": "Place order test cases Verify cod order can be placed from place order",
              "timedOut": null,
              "duration": 0,
              "state": "pending",
              "speed": null,
              "pass": false,
              "fail": false,
              "pending": true,
              "context": "{\n  \"title\": \"cypress-mochawesome-reporter-videos-pending\",\n  \"value\": \"cypress\\\\e2e\\\\tests\\\\PlaceorderTests.cy.js\"\n}",
              "code": "placeorderObj.placeCodOrder(_customerData.default.customerNumber);\ncy.get('.heading2.Text_mb-lg__6jeKW').should('exist');",
              "err": {},
              "uuid": "45815b63-2dc9-4e6a-864f-3890d86890d2",
              "parentUUID": "2c97f182-4a3a-4945-a856-e6a3e0713975",
              "isHook": false,
              "skipped": false
            },
            {
              "title": "Verify bulk order placement can be done",
              "fullTitle": "Place order test cases Verify bulk order placement can be done",
              "timedOut": null,
              "duration": 0,
              "state": "pending",
              "speed": null,
              "pass": false,
              "fail": false,
              "pending": true,
              "context": "{\n  \"title\": \"cypress-mochawesome-reporter-videos-pending\",\n  \"value\": \"cypress\\\\e2e\\\\tests\\\\PlaceorderTests.cy.js\"\n}",
              "code": "placeorderObj.placeBulkOrder();",
              "err": {},
              "uuid": "c45344fc-f3d1-4917-935d-9c2554d3be7b",
              "parentUUID": "2c97f182-4a3a-4945-a856-e6a3e0713975",
              "isHook": false,
              "skipped": false
            },
            {
              "title": "Verify order can be placed by searching",
              "fullTitle": "Place order test cases Verify order can be placed by searching",
              "timedOut": null,
              "duration": 0,
              "state": "pending",
              "speed": null,
              "pass": false,
              "fail": false,
              "pending": true,
              "context": "{\n  \"title\": \"cypress-mochawesome-reporter-videos-pending\",\n  \"value\": \"cypress\\\\e2e\\\\tests\\\\PlaceorderTests.cy.js\"\n}",
              "code": "placeorderObj.selectProductThenPlaceOrder();",
              "err": {},
              "uuid": "187d56f1-575b-4270-932c-843371ced0f3",
              "parentUUID": "2c97f182-4a3a-4945-a856-e6a3e0713975",
              "isHook": false,
              "skipped": false
            }
          ],
          "suites": [],
          "passes": [],
          "failures": [],
          "pending": [
            "3d5aca14-06ac-4060-91bc-1310c330b0bf",
            "45815b63-2dc9-4e6a-864f-3890d86890d2",
            "c45344fc-f3d1-4917-935d-9c2554d3be7b",
            "187d56f1-575b-4270-932c-843371ced0f3"
          ],
          "skipped": [],
          "duration": 0,
          "root": false,
          "rootEmpty": false,
          "_timeout": 2000
        }
      ],
      "passes": [],
      "failures": [],
      "pending": [],
      "skipped": [],
      "duration": 0,
      "root": true,
      "rootEmpty": true,
      "_timeout": 2000
    }
  ],
  "meta": {
    "mocha": {
      "version": "7.0.1"
    },
    "mochawesome": {
      "options": {
        "quiet": false,
        "reportFilename": "mochawesome",
        "saveHtml": false,
        "saveJson": true,
        "consoleReporter": "spec",
        "useInlineDiffs": false,
        "code": true
      },
      "version": "7.1.3"
    },
    "marge": {
      "options": {
        "charts": true,
        "reportPageTitle": "custom-title",
        "embeddedScreenshots": true,
        "inlineAssets": true,
        "saveAllAttempts": false,
        "overwrite": false,
        "html": false,
        "json": true,
        "reportDir": "cypress\\reports\\html\\.jsons"
      },
      "version": "6.2.0"
    }
  }
}